<?xml version="1.0" encoding="UTF-8"?>
<!-- Generated by org.testng.reporters.JUnitXMLReporter -->
<testsuite ignored="0" hostname="DESKTOP-CRKT6F5" failures="0" tests="6" name="Test" time="32.594" errors="0" timestamp="27 Apr 2023 16:52:09 GMT">
  <testcase classname="MakeMyTrip.makemytrip_flightbooking.TestngRunner" name="fromTo" time="3.24"/>
  <testcase classname="MakeMyTrip.makemytrip_flightbooking.TestngRunner" name="departureReturn" time="0.341"/>
  <testcase classname="MakeMyTrip.makemytrip_flightbooking.TestngRunner" name="traveller" time="3.548"/>
  <testcase classname="MakeMyTrip.makemytrip_flightbooking.TestngRunner" name="search" time="7.666"/>
  <testcase classname="MakeMyTrip.makemytrip_flightbooking.TestngRunner" name="selectFlightWithMinPrice" time="5.706"/>
  <testcase classname="MakeMyTrip.makemytrip_flightbooking.TestngRunner" name="travellingDetails" time="12.032"/>
</testsuite> <!-- Test -->
